<?xml version="1.0" encoding="UTF-8"?>
<!-- Generated by org.testng.reporters.JUnitReportReporter -->
<testsuite hostname="DESKTOP-FJ2D18H" failures="0" tests="1" name="practice.CreateOrganizationTest" time="45.137" errors="0" timestamp="2022-01-17T16:05:22 IST" skipped="0">
  <testcase classname="practice.CreateOrganizationTest" name="CreateOrganizations" time="45.137"/>
  <system-out/>
</testsuite> <!-- practice.CreateOrganizationTest -->
