<?xml version="1.0" encoding="UTF-8"?>
<!-- Generated by org.testng.reporters.JUnitReportReporter -->
<testsuite hostname="DESKTOP-FJ2D18H" failures="0" tests="4" name="OrgnaizationTest.CreateProductTest1" time="115.199" errors="0" timestamp="2022-01-19T10:32:22 IST" skipped="0">
  <testcase classname="OrgnaizationTest.CreateProductTest1" name="CreateProductwithCategory" time="28.519"/>
  <system-out/>
  <testcase classname="OrgnaizationTest.CreateProductTest1" name="CreateProduct" time="30.059"/>
  <system-out/>
  <testcase classname="OrgnaizationTest.CreateProductTest1" name="CreateProduct" time="28.903"/>
  <system-out/>
  <testcase classname="OrgnaizationTest.CreateProductTest1" name="CreateProductwithCategory" time="27.718"/>
  <system-out/>
</testsuite> <!-- OrgnaizationTest.CreateProductTest1 -->
