<?xml version="1.0" encoding="UTF-8"?>
<!-- Generated by org.testng.reporters.JUnitReportReporter -->
<testsuite hostname="DESKTOP-FJ2D18H" failures="0" tests="4" name="practice.CreateOrg" time="0.018" errors="0" timestamp="2022-01-18T12:04:32 IST" skipped="0">
  <testcase classname="practice.CreateOrg" name="product" time="0.007"/>
  <system-out/>
  <testcase classname="practice.CreateOrg" name="product" time="0.005"/>
  <system-out/>
  <testcase classname="practice.CreateOrg" name="org" time="0.004"/>
  <system-out/>
  <testcase classname="practice.CreateOrg" name="contact" time="0.002"/>
  <system-out/>
</testsuite> <!-- practice.CreateOrg -->
