<?xml version="1.0" encoding="UTF-8"?>
<!-- Generated by org.testng.reporters.JUnitReportReporter -->
<testsuite hostname="DESKTOP-FJ2D18H" failures="0" tests="2" name="OrgnaizationTest.CreateOrganizationTest" time="53.965" errors="0" timestamp="2022-02-01T15:28:21 IST" skipped="0">
  <testcase classname="OrgnaizationTest.CreateOrganizationTest" name="CreateOrgwithIndustry" time="17.559"/>
  <system-out/>
  <testcase classname="OrgnaizationTest.CreateOrganizationTest" name="CreateOrg" time="36.406"/>
  <system-out/>
</testsuite> <!-- OrgnaizationTest.CreateOrganizationTest -->
