<?xml version="1.0" encoding="UTF-8"?>
<!-- Generated by org.testng.reporters.JUnitReportReporter -->
<testsuite hostname="DESKTOP-FJ2D18H" failures="0" tests="1" name="productTest.SearchProductByProductNoTest" time="11.295" errors="0" timestamp="2022-01-27T13:18:21 IST" skipped="0">
  <testcase classname="productTest.SearchProductByProductNoTest" name="SearchProductByProductNo" time="11.295"/>
  <system-out/>
</testsuite> <!-- productTest.SearchProductByProductNoTest -->
