<?xml version="1.0" encoding="UTF-8"?>
<!-- Generated by org.testng.reporters.JUnitReportReporter -->
<testsuite hostname="DESKTOP-FJ2D18H" failures="0" tests="1" name="productTest.SearchProductByProductNameTest" time="14.096" errors="0" timestamp="2022-01-18T17:03:26 IST" skipped="0">
  <testcase classname="productTest.SearchProductByProductNameTest" name="SearchProductByProductName" time="14.096"/>
  <system-out/>
</testsuite> <!-- productTest.SearchProductByProductNameTest -->
