<?xml version="1.0" encoding="UTF-8"?>
<!-- Generated by org.testng.reporters.JUnitReportReporter -->
<testsuite hostname="DESKTOP-FJ2D18H" failures="0" tests="2" name="OrgnaizationTest.CreateOrganizationTest" time="54.176" errors="0" timestamp="2022-01-20T15:05:53 IST" skipped="0">
  <testcase classname="OrgnaizationTest.CreateOrganizationTest" name="CreateOrg" time="30.267"/>
  <system-out/>
  <testcase classname="OrgnaizationTest.CreateOrganizationTest" name="CreateOrgwithIndustry" time="23.909"/>
  <system-out/>
</testsuite> <!-- OrgnaizationTest.CreateOrganizationTest -->
