<?xml version="1.0" encoding="UTF-8"?>
<!-- Generated by org.testng.reporters.JUnitReportReporter -->
<testsuite hostname="DESKTOP-FJ2D18H" failures="0" tests="1" name="bookflight.BookFlight" time="155.821" errors="0" timestamp="2022-02-14T10:58:08 IST" skipped="0">
  <testcase classname="bookflight.BookFlight" name="BookTicket" time="155.821"/>
  <system-out/>
</testsuite> <!-- bookflight.BookFlight -->
