<?xml version="1.0" encoding="UTF-8"?>
<!-- Generated by org.testng.reporters.JUnitReportReporter -->
<testsuite hostname="DESKTOP-FJ2D18H" failures="0" tests="1" name="productTest.SearchProductByPartNameTest" time="14.841" errors="0" timestamp="2022-01-27T13:12:07 IST" skipped="0">
  <testcase classname="productTest.SearchProductByPartNameTest" name="SearchProductByPartName" time="14.841"/>
  <system-out/>
</testsuite> <!-- productTest.SearchProductByPartNameTest -->
