<?xml version="1.0" encoding="UTF-8"?>
<!-- Generated by org.testng.reporters.JUnitReportReporter -->
<testsuite hostname="DESKTOP-FJ2D18H" failures="0" tests="2" name="OrgnaizationTest.CreateOrganizationTest" time="36.563" errors="0" timestamp="2022-01-19T14:58:27 IST" skipped="0">
  <testcase classname="OrgnaizationTest.CreateOrganizationTest" name="CreateOrg" time="18.567"/>
  <system-out/>
  <testcase classname="OrgnaizationTest.CreateOrganizationTest" name="CreateOrgwithIndustry" time="17.996"/>
  <system-out/>
</testsuite> <!-- OrgnaizationTest.CreateOrganizationTest -->
