<?xml version="1.0" encoding="UTF-8"?>
<!-- Generated by org.testng.reporters.JUnitReportReporter -->
<testsuite hostname="DESKTOP-FJ2D18H" failures="0" tests="1" name="productTest.SearchProductByProductNoTest" time="19.689" errors="0" timestamp="2022-01-18T17:03:26 IST" skipped="0">
  <testcase classname="productTest.SearchProductByProductNoTest" name="SearchProductByProductNo" time="19.689"/>
  <system-out/>
</testsuite> <!-- productTest.SearchProductByProductNoTest -->
