<?xml version="1.0" encoding="UTF-8"?>
<!-- Generated by org.testng.reporters.JUnitReportReporter -->
<testsuite hostname="DESKTOP-FJ2D18H" failures="0" tests="2" name="productTest.CreateProductTest" time="43.606" errors="0" timestamp="2022-03-02T12:22:56 IST" skipped="0">
  <testcase classname="productTest.CreateProductTest" name="CreateProductwithCategory" time="13.772"/>
  <system-out/>
  <testcase classname="productTest.CreateProductTest" name="CreateProduct" time="29.834"/>
  <system-out/>
</testsuite> <!-- productTest.CreateProductTest -->
